[ 2022/3/23 14:53:30]	Application init.
[ 2022/3/23 14:53:30]	Creating MainWindow
[ 2022/3/23 14:53:30]	taskmanager: Started setup.
[ 2022/3/23 14:53:30]	windowmgr: Mounted window WaitFm into MainWindow
[ 2022/3/23 14:53:31]	shellmgr: Running command "py --version"
[ 2022/3/23 14:53:32]	shellmgr: The system reports no errors at the moment. Attempting to close the process.
[ 2022/3/23 14:53:32]	shellmgr: Waiting for py (pid 35424) to exit. [1 of 3]
[ 2022/3/23 14:53:32]	shellmgr: Waiting for py (pid 35424) to exit. [2 of 3]
[ 2022/3/23 14:53:32]	shellmgr: py has exited. Exit code: 0.
[ 2022/3/23 14:53:32]	shellmgr: Running command "py -c "import sys; print(sys.executable)""
[ 2022/3/23 14:53:32]	shellmgr: The system reports no errors at the moment.
[ 2022/3/23 14:53:32]	shellmgr: [INFO] The process (pid 54284) is running as a task and is limited to a runtime of 1800 seconds.
[ 2022/3/23 14:53:32]	shellmgr: py stderr: 
[ 2022/3/23 14:53:32]	setup: [ 1.71713]	Python is installed on this PC at "C:\Program Files\Python310\python.exe".
[ 2022/3/23 14:53:33]	shellmgr: Running command "py -m esptool --help"
[ 2022/3/23 14:53:33]	shellmgr: The system reports no errors at the moment. Attempting to close the process.
[ 2022/3/23 14:53:33]	shellmgr: Waiting for py (pid 54388) to exit. [1 of 3]
[ 2022/3/23 14:53:33]	shellmgr: Waiting for py (pid 54388) to exit. [2 of 3]
[ 2022/3/23 14:53:33]	shellmgr: py has exited. Exit code: 1.
[ 2022/3/23 14:53:33]	setup: [ 2.94826]	esptool.py isn't installed in the default Python environment. You can choose to install esptool or use N2D22 in portable mode.
[ 2022/3/23 14:53:33]	windowmgr: Mounted window RequestFm into MainWindow
[ 2022/3/23 14:53:36]	windowmgr: Request to unmount RequestFm into MainWindow requires control invokation.
[ 2022/3/23 14:53:36]	windowmgr: Invoking the request on the UI thread.
[ 2022/3/23 14:53:36]	windowmgr: Removing window RequestFm from MainWindow
[ 2022/3/23 14:53:36]	setup: [ 5.69094]	Installing esptool.py
[ 2022/3/23 14:53:36]	shellmgr: Running command "py -m pip install esptool"
[ 2022/3/23 14:53:36]	shellmgr: The system reports no errors at the moment.
[ 2022/3/23 14:53:36]	shellmgr: [INFO] The process (pid 54504) is running as a task and is limited to a runtime of 1800 seconds.
[ 2022/3/23 15:00:48]	Window destroyed. Exiting
