[ 2022/3/23 15:01:08]	Application init.
[ 2022/3/23 15:01:08]	Creating MainWindow
[ 2022/3/23 15:01:08]	taskmanager: Started setup.
[ 2022/3/23 15:01:08]	windowmgr: Mounted window WaitFm into MainWindow
[ 2022/3/23 15:01:09]	shellmgr: Running command "py --version"
[ 2022/3/23 15:01:09]	shellmgr: The system reports no errors at the moment. Attempting to close the process.
[ 2022/3/23 15:01:09]	shellmgr: Waiting for py (pid 41620) to exit. [1 of 3]
[ 2022/3/23 15:01:10]	shellmgr: Waiting for py (pid 41620) to exit. [2 of 3]
[ 2022/3/23 15:01:10]	shellmgr: py has exited. Exit code: 0.
[ 2022/3/23 15:01:10]	shellmgr: Running command "py -c "import sys; print(sys.executable)""
[ 2022/3/23 15:01:10]	shellmgr: The system reports no errors at the moment.
[ 2022/3/23 15:01:10]	shellmgr: [INFO] The process (pid 25932) is running as a task and is limited to a runtime of 1800 seconds.
[ 2022/3/23 15:01:10]	shellmgr: py stderr: 
[ 2022/3/23 15:01:10]	setup: [ 1.36862]	Python is installed on this PC at "C:\Program Files\Python310\python.exe".
[ 2022/3/23 15:01:11]	shellmgr: Running command "py -m esptool --help"
[ 2022/3/23 15:01:11]	shellmgr: The system reports no errors at the moment. Attempting to close the process.
[ 2022/3/23 15:01:11]	shellmgr: Waiting for py (pid 54684) to exit. [1 of 3]
[ 2022/3/23 15:01:11]	shellmgr: Waiting for py (pid 54684) to exit. [2 of 3]
[ 2022/3/23 15:01:11]	shellmgr: py has exited. Exit code: 1.
[ 2022/3/23 15:01:11]	setup: [ 2.56383]	esptool.py isn't installed in the default Python environment. You can choose to install esptool or use N2D22 in portable mode.
[ 2022/3/23 15:01:11]	windowmgr: Mounted window RequestFm into MainWindow
[ 2022/3/23 15:01:14]	windowmgr: Request to unmount RequestFm into MainWindow requires control invokation.
[ 2022/3/23 15:01:14]	windowmgr: Invoking the request on the UI thread.
[ 2022/3/23 15:01:14]	windowmgr: Removing window RequestFm from MainWindow
[ 2022/3/23 15:01:14]	setup: [ 5.63693]	Installing esptool.py
[ 2022/3/23 15:01:14]	shellmgr: Running command "py -m pip install esptool"
[ 2022/3/23 15:01:14]	shellmgr: The system reports no errors at the moment.
[ 2022/3/23 15:01:14]	shellmgr: [INFO] The process (pid 54720) is running as a task and is limited to a runtime of 1800 seconds.
[ 2022/3/23 15:01:33]	Window destroyed. Exiting
